Arguments: 
  /Users/lidya_91/.nvm/versions/node/v10.16.3/bin/node /Users/lidya_91/.yarn/bin/yarn.js add jetify -D

PATH: 
  /Users/lidya_91/.rbenv/shims:/usr/local/opt/ruby/bin:/Users/lidya_91/.nvm/versions/node/v10.16.3/bin:/usr/local/bin:/usr/bin:/bin:/usr/sbin:/sbin:/Users/lidya_91/.yarn/bin

Yarn version: 
  1.17.3

Node version: 
  10.16.3

Platform: 
  darwin x64

Trace: 
  Error: https://registry.yarnpkg.com/jetify: Not found
      at Request.params.callback [as _callback] (/Users/lidya_91/.yarn/lib/cli.js:66830:18)
      at Request.self.callback (/Users/lidya_91/.yarn/lib/cli.js:140464:22)
      at Request.emit (events.js:198:13)
      at Request.<anonymous> (/Users/lidya_91/.yarn/lib/cli.js:141436:10)
      at Request.emit (events.js:198:13)
      at IncomingMessage.<anonymous> (/Users/lidya_91/.yarn/lib/cli.js:141358:12)
      at Object.onceWrapper (events.js:286:20)
      at IncomingMessage.emit (events.js:203:15)
      at endReadableNT (_stream_readable.js:1145:12)
      at process._tickCallback (internal/process/next_tick.js:63:19)

npm manifest: 
  No manifest

yarn manifest: 
  No manifest

Lockfile: 
  No lockfile
